<testsuite name="Mocha Tests" tests="4" failures="0" errors="0" skipped="0" timestamp="Fri, 05 Jun 2015 18:56:23 GMT" time="0.124">
<testcase classname="Index" name="renders HTML" time="0.015"/>
<testcase classname="Creation" name="sends a post request, making a new document in database" time="0.066"/>
<testcase classname="Editing" name="sends a post request, editing a document in database" time="0.012"/>
<testcase classname="Deletion" name="removes the oldest entry" time="0.027"/>
</testsuite>
